<?xml version="1.0" encoding="UTF-8"?>
<!-- Generated by org.testng.reporters.JUnitReportReporter -->
<testsuite hostname="Preetijaiswal-IT" failures="0" tests="1" name="testcase.DmtTest" time="0.671" errors="0" timestamp="2023-04-15T15:31:42 IST" skipped="0">
  <testcase classname="testcase.DmtTest" name="AremitSenderRegistration" time="0.671"/>
  <system-out/>
</testsuite> <!-- testcase.DmtTest -->
