<?xml version="1.0" encoding="UTF-8"?>
<!-- Generated by org.testng.reporters.JUnitReportReporter -->
<testsuite hostname="Preetijaiswal-IT" failures="0" tests="1" name="testcase.LoginTest" time="8.070" errors="0" timestamp="2023-04-15T15:31:42 IST" skipped="0">
  <testcase classname="testcase.LoginTest" name="login" time="8.070"/>
  <system-out/>
</testsuite> <!-- testcase.LoginTest -->
